<?xml version="1.0" encoding="UTF-8"?>
<coverage generated="1677187041406" clover="3.2.0">
  <project timestamp="1677187041406" name="All files">
    <metrics statements="50" coveredstatements="41" conditionals="20" coveredconditionals="14" methods="17" coveredmethods="12" elements="87" coveredelements="67" complexity="0" loc="50" ncloc="50" packages="15" files="16" classes="16"/>
    <package name="config.jest">
      <metrics statements="1" coveredstatements="1" conditionals="0" coveredconditionals="0" methods="1" coveredmethods="1"/>
      <file name="jestEmptyComponent.tsx" path="/Users/aaburkov/Documents/AABurkov/ulibi-course/config/jest/jestEmptyComponent.tsx">
        <metrics statements="1" coveredstatements="1" conditionals="0" coveredconditionals="0" methods="1" coveredmethods="1"/>
        <line num="3" count="3" type="stmt"/>
      </file>
    </package>
    <package name="src.app.providers.ThemeProvider">
      <metrics statements="0" coveredstatements="0" conditionals="0" coveredconditionals="0" methods="0" coveredmethods="0"/>
      <file name="index.tsx" path="/Users/aaburkov/Documents/AABurkov/ulibi-course/src/app/providers/ThemeProvider/index.tsx">
        <metrics statements="0" coveredstatements="0" conditionals="0" coveredconditionals="0" methods="0" coveredmethods="0"/>
      </file>
    </package>
    <package name="src.app.providers.ThemeProvider.lib">
      <metrics statements="9" coveredstatements="6" conditionals="4" coveredconditionals="2" methods="2" coveredmethods="1"/>
      <file name="ThemeContext.tsx" path="/Users/aaburkov/Documents/AABurkov/ulibi-course/src/app/providers/ThemeProvider/lib/ThemeContext.tsx">
        <metrics statements="2" coveredstatements="2" conditionals="0" coveredconditionals="0" methods="0" coveredmethods="0"/>
        <line num="13" count="1" type="stmt"/>
        <line num="15" count="1" type="stmt"/>
      </file>
      <file name="useTheme.tsx" path="/Users/aaburkov/Documents/AABurkov/ulibi-course/src/app/providers/ThemeProvider/lib/useTheme.tsx">
        <metrics statements="7" coveredstatements="4" conditionals="4" coveredconditionals="2" methods="2" coveredmethods="1"/>
        <line num="13" count="3" type="stmt"/>
        <line num="15" count="3" type="stmt"/>
        <line num="16" count="0" type="cond" truecount="0" falsecount="2"/>
        <line num="17" count="0" type="stmt"/>
        <line num="18" count="0" type="stmt"/>
        <line num="21" count="3" type="cond" truecount="2" falsecount="0"/>
        <line num="23" count="3" type="stmt"/>
      </file>
    </package>
    <package name="src.app.providers.ThemeProvider.ui">
      <metrics statements="5" coveredstatements="2" conditionals="2" coveredconditionals="2" methods="2" coveredmethods="0"/>
      <file name="ThemeProvider.tsx" path="/Users/aaburkov/Documents/AABurkov/ulibi-course/src/app/providers/ThemeProvider/ui/ThemeProvider.tsx">
        <metrics statements="5" coveredstatements="2" conditionals="2" coveredconditionals="2" methods="2" coveredmethods="0"/>
        <line num="9" count="1" type="cond" truecount="2" falsecount="0"/>
        <line num="11" count="1" type="stmt"/>
        <line num="12" count="0" type="stmt"/>
        <line num="14" count="0" type="stmt"/>
        <line num="19" count="0" type="stmt"/>
      </file>
    </package>
    <package name="src.shared.config.i18n">
      <metrics statements="1" coveredstatements="1" conditionals="0" coveredconditionals="0" methods="0" coveredmethods="0"/>
      <file name="i18n-jest.ts" path="/Users/aaburkov/Documents/AABurkov/ulibi-course/src/shared/config/i18n/i18n-jest.ts">
        <metrics statements="1" coveredstatements="1" conditionals="0" coveredconditionals="0" methods="0" coveredmethods="0"/>
        <line num="4" count="1" type="stmt"/>
      </file>
    </package>
    <package name="src.shared.lib.classNames">
      <metrics statements="11" coveredstatements="11" conditionals="8" coveredconditionals="8" methods="3" coveredmethods="3"/>
      <file name="index.ts" path="/Users/aaburkov/Documents/AABurkov/ulibi-course/src/shared/lib/classNames/index.ts">
        <metrics statements="11" coveredstatements="11" conditionals="8" coveredconditionals="8" methods="3" coveredmethods="3"/>
        <line num="6" count="30" type="stmt"/>
        <line num="8" count="30" type="stmt"/>
        <line num="9" count="67" type="cond" truecount="2" falsecount="0"/>
        <line num="10" count="44" type="stmt"/>
        <line num="11" count="23" type="cond" truecount="2" falsecount="0"/>
        <line num="12" count="2" type="stmt"/>
        <line num="13" count="22" type="cond" truecount="2" falsecount="0"/>
        <line num="14" count="6" type="stmt"/>
        <line num="15" count="6" type="cond" truecount="2" falsecount="0"/>
        <line num="16" count="4" type="stmt"/>
        <line num="22" count="30" type="stmt"/>
      </file>
    </package>
    <package name="src.shared.lib.tests.renderWithTranslations">
      <metrics statements="1" coveredstatements="1" conditionals="0" coveredconditionals="0" methods="1" coveredmethods="1"/>
      <file name="renderWithTranslations.tsx" path="/Users/aaburkov/Documents/AABurkov/ulibi-course/src/shared/lib/tests/renderWithTranslations/renderWithTranslations.tsx">
        <metrics statements="1" coveredstatements="1" conditionals="0" coveredconditionals="0" methods="1" coveredmethods="1"/>
        <line num="7" count="2" type="stmt"/>
      </file>
    </package>
    <package name="src.shared.ui">
      <metrics statements="0" coveredstatements="0" conditionals="0" coveredconditionals="0" methods="0" coveredmethods="0"/>
      <file name="index.ts" path="/Users/aaburkov/Documents/AABurkov/ulibi-course/src/shared/ui/index.ts">
        <metrics statements="0" coveredstatements="0" conditionals="0" coveredconditionals="0" methods="0" coveredmethods="0"/>
      </file>
    </package>
    <package name="src.shared.ui.AppButton">
      <metrics statements="3" coveredstatements="3" conditionals="1" coveredconditionals="1" methods="1" coveredmethods="1"/>
      <file name="AppButton.tsx" path="/Users/aaburkov/Documents/AABurkov/ulibi-course/src/shared/ui/AppButton/AppButton.tsx">
        <metrics statements="3" coveredstatements="3" conditionals="1" coveredconditionals="1" methods="1" coveredmethods="1"/>
        <line num="14" count="2" type="stmt"/>
        <line num="20" count="11" type="stmt"/>
        <line num="22" count="11" type="stmt"/>
      </file>
    </package>
    <package name="src.shared.ui.AppLink">
      <metrics statements="3" coveredstatements="1" conditionals="1" coveredconditionals="0" methods="1" coveredmethods="0"/>
      <file name="AppLink.tsx" path="/Users/aaburkov/Documents/AABurkov/ulibi-course/src/shared/ui/AppLink/AppLink.tsx">
        <metrics statements="3" coveredstatements="1" conditionals="1" coveredconditionals="0" methods="1" coveredmethods="0"/>
        <line num="16" count="1" type="stmt"/>
        <line num="23" count="0" type="stmt"/>
        <line num="25" count="0" type="stmt"/>
      </file>
    </package>
    <package name="src.widgets.LangSwitcher">
      <metrics statements="0" coveredstatements="0" conditionals="0" coveredconditionals="0" methods="0" coveredmethods="0"/>
      <file name="index.ts" path="/Users/aaburkov/Documents/AABurkov/ulibi-course/src/widgets/LangSwitcher/index.ts">
        <metrics statements="0" coveredstatements="0" conditionals="0" coveredconditionals="0" methods="0" coveredmethods="0"/>
      </file>
    </package>
    <package name="src.widgets.LangSwitcher.ui">
      <metrics statements="6" coveredstatements="5" conditionals="2" coveredconditionals="0" methods="2" coveredmethods="1"/>
      <file name="LangSwitcher.tsx" path="/Users/aaburkov/Documents/AABurkov/ulibi-course/src/widgets/LangSwitcher/ui/LangSwitcher.tsx">
        <metrics statements="6" coveredstatements="5" conditionals="2" coveredconditionals="0" methods="2" coveredmethods="1"/>
        <line num="10" count="1" type="stmt"/>
        <line num="11" count="3" type="stmt"/>
        <line num="12" count="3" type="stmt"/>
        <line num="14" count="3" type="stmt"/>
        <line num="15" count="0" type="cond" truecount="0" falsecount="2"/>
        <line num="17" count="3" type="stmt"/>
      </file>
    </package>
    <package name="src.widgets.Sidebar.ui">
      <metrics statements="7" coveredstatements="7" conditionals="0" coveredconditionals="0" methods="3" coveredmethods="3"/>
      <file name="Sidebar.tsx" path="/Users/aaburkov/Documents/AABurkov/ulibi-course/src/widgets/Sidebar/ui/Sidebar.tsx">
        <metrics statements="7" coveredstatements="7" conditionals="0" coveredconditionals="0" methods="3" coveredmethods="3"/>
        <line num="12" count="1" type="stmt"/>
        <line num="13" count="3" type="stmt"/>
        <line num="14" count="3" type="stmt"/>
        <line num="15" count="3" type="stmt"/>
        <line num="17" count="3" type="stmt"/>
        <line num="18" count="1" type="stmt"/>
        <line num="21" count="3" type="stmt"/>
      </file>
    </package>
    <package name="src.widgets.ThemeSwitcher">
      <metrics statements="0" coveredstatements="0" conditionals="0" coveredconditionals="0" methods="0" coveredmethods="0"/>
      <file name="index.ts" path="/Users/aaburkov/Documents/AABurkov/ulibi-course/src/widgets/ThemeSwitcher/index.ts">
        <metrics statements="0" coveredstatements="0" conditionals="0" coveredconditionals="0" methods="0" coveredmethods="0"/>
      </file>
    </package>
    <package name="src.widgets.ThemeSwitcher.ui">
      <metrics statements="3" coveredstatements="3" conditionals="2" coveredconditionals="1" methods="1" coveredmethods="1"/>
      <file name="ThemeSwitcher.tsx" path="/Users/aaburkov/Documents/AABurkov/ulibi-course/src/widgets/ThemeSwitcher/ui/ThemeSwitcher.tsx">
        <metrics statements="3" coveredstatements="3" conditionals="2" coveredconditionals="1" methods="1" coveredmethods="1"/>
        <line num="12" count="3" type="stmt"/>
        <line num="14" count="3" type="stmt"/>
        <line num="16" count="3" type="stmt"/>
      </file>
    </package>
  </project>
</coverage>
