{"/Users/aaburkov/Documents/AABurkov/ulibi-course/config/jest/jestEmptyComponent.tsx": {"path":"/Users/aaburkov/Documents/AABurkov/ulibi-course/config/jest/jestEmptyComponent.tsx","statementMap":{"0":{"start":{"line":3,"column":27},"end":{"line":3,"column":40}},"1":{"start":{"line":3,"column":33},"end":{"line":3,"column":40}}},"fnMap":{"0":{"name":"(anonymous_0)","decl":{"start":{"line":3,"column":27},"end":{"line":3,"column":28}},"loc":{"start":{"line":3,"column":33},"end":{"line":3,"column":40}},"line":3}},"branchMap":{},"s":{"0":1,"1":3},"f":{"0":3},"b":{},"_coverageSchema":"1a1c01bbd47fc00a2c39e90264f33305004495a9","hash":"430341fe53c1bc02b8be2292fc31c94c40bf5e26"}
,"/Users/aaburkov/Documents/AABurkov/ulibi-course/src/app/providers/ThemeProvider/index.tsx": {"path":"/Users/aaburkov/Documents/AABurkov/ulibi-course/src/app/providers/ThemeProvider/index.tsx","statementMap":{},"fnMap":{},"branchMap":{},"s":{},"f":{},"b":{},"_coverageSchema":"1a1c01bbd47fc00a2c39e90264f33305004495a9","hash":"3a8a60057c4bc349dcc7ebfb4ca11803927b9b8b"}
,"/Users/aaburkov/Documents/AABurkov/ulibi-course/src/app/providers/ThemeProvider/lib/ThemeContext.tsx": {"path":"/Users/aaburkov/Documents/AABurkov/ulibi-course/src/app/providers/ThemeProvider/lib/ThemeContext.tsx","statementMap":{"0":{"start":{"line":13,"column":28},"end":{"line":13,"column":64}},"1":{"start":{"line":15,"column":39},"end":{"line":15,"column":46}}},"fnMap":{},"branchMap":{},"s":{"0":1,"1":1},"f":{},"b":{},"_coverageSchema":"1a1c01bbd47fc00a2c39e90264f33305004495a9","hash":"1c6cb432eb1876a66f613c6cec033967841dfb58"}
,"/Users/aaburkov/Documents/AABurkov/ulibi-course/src/app/providers/ThemeProvider/lib/useTheme.tsx": {"path":"/Users/aaburkov/Documents/AABurkov/ulibi-course/src/app/providers/ThemeProvider/lib/useTheme.tsx","statementMap":{"0":{"start":{"line":13,"column":32},"end":{"line":13,"column":56}},"1":{"start":{"line":15,"column":24},"end":{"line":19,"column":5}},"2":{"start":{"line":16,"column":25},"end":{"line":16,"column":72}},"3":{"start":{"line":17,"column":8},"end":{"line":17,"column":29}},"4":{"start":{"line":18,"column":8},"end":{"line":18,"column":64}},"5":{"start":{"line":21,"column":24},"end":{"line":21,"column":44}},"6":{"start":{"line":23,"column":4},"end":{"line":26,"column":6}}},"fnMap":{"0":{"name":"useTheme","decl":{"start":{"line":12,"column":16},"end":{"line":12,"column":24}},"loc":{"start":{"line":12,"column":43},"end":{"line":27,"column":1}},"line":12},"1":{"name":"(anonymous_1)","decl":{"start":{"line":15,"column":24},"end":{"line":15,"column":25}},"loc":{"start":{"line":15,"column":30},"end":{"line":19,"column":5}},"line":15}},"branchMap":{"0":{"loc":{"start":{"line":16,"column":25},"end":{"line":16,"column":72}},"type":"cond-expr","locations":[{"start":{"line":16,"column":48},"end":{"line":16,"column":59}},{"start":{"line":16,"column":62},"end":{"line":16,"column":72}}],"line":16},"1":{"loc":{"start":{"line":21,"column":24},"end":{"line":21,"column":44}},"type":"binary-expr","locations":[{"start":{"line":21,"column":24},"end":{"line":21,"column":29}},{"start":{"line":21,"column":33},"end":{"line":21,"column":44}}],"line":21}},"s":{"0":3,"1":3,"2":0,"3":0,"4":0,"5":3,"6":3},"f":{"0":3,"1":0},"b":{"0":[0,0],"1":[3,3]},"_coverageSchema":"1a1c01bbd47fc00a2c39e90264f33305004495a9","hash":"e671f88b90e88ce5acf99acd916852abc21352a4"}
,"/Users/aaburkov/Documents/AABurkov/ulibi-course/src/app/providers/ThemeProvider/ui/ThemeProvider.tsx": {"path":"/Users/aaburkov/Documents/AABurkov/ulibi-course/src/app/providers/ThemeProvider/ui/ThemeProvider.tsx","statementMap":{"0":{"start":{"line":9,"column":21},"end":{"line":9,"column":90}},"1":{"start":{"line":11,"column":45},"end":{"line":24,"column":1}},"2":{"start":{"line":12,"column":30},"end":{"line":12,"column":59}},"3":{"start":{"line":14,"column":25},"end":{"line":17,"column":16}},"4":{"start":{"line":14,"column":40},"end":{"line":17,"column":5}},"5":{"start":{"line":19,"column":4},"end":{"line":23,"column":6}}},"fnMap":{"0":{"name":"(anonymous_0)","decl":{"start":{"line":11,"column":45},"end":{"line":11,"column":46}},"loc":{"start":{"line":11,"column":63},"end":{"line":24,"column":1}},"line":11},"1":{"name":"(anonymous_1)","decl":{"start":{"line":14,"column":33},"end":{"line":14,"column":34}},"loc":{"start":{"line":14,"column":40},"end":{"line":17,"column":5}},"line":14}},"branchMap":{"0":{"loc":{"start":{"line":9,"column":21},"end":{"line":9,"column":90}},"type":"binary-expr","locations":[{"start":{"line":9,"column":21},"end":{"line":9,"column":75}},{"start":{"line":9,"column":79},"end":{"line":9,"column":90}}],"line":9}},"s":{"0":1,"1":1,"2":0,"3":0,"4":0,"5":0},"f":{"0":0,"1":0},"b":{"0":[1,1]},"_coverageSchema":"1a1c01bbd47fc00a2c39e90264f33305004495a9","hash":"5b26326c6efb0a29e4e2ce1ce806808bff2e47a9"}
,"/Users/aaburkov/Documents/AABurkov/ulibi-course/src/shared/config/i18n/i18n-jest.ts": {"path":"/Users/aaburkov/Documents/AABurkov/ulibi-course/src/shared/config/i18n/i18n-jest.ts","statementMap":{"0":{"start":{"line":4,"column":0},"end":{"line":15,"column":7}}},"fnMap":{},"branchMap":{},"s":{"0":1},"f":{},"b":{},"_coverageSchema":"1a1c01bbd47fc00a2c39e90264f33305004495a9","hash":"da017d7c80c2e1bb44aba4454dab376c8bc28c99"}
,"/Users/aaburkov/Documents/AABurkov/ulibi-course/src/shared/lib/classNames/index.ts": {"path":"/Users/aaburkov/Documents/AABurkov/ulibi-course/src/shared/lib/classNames/index.ts","statementMap":{"0":{"start":{"line":5,"column":29},"end":{"line":5,"column":31}},"1":{"start":{"line":7,"column":4},"end":{"line":19,"column":7}},"2":{"start":{"line":8,"column":8},"end":{"line":18,"column":9}},"3":{"start":{"line":9,"column":12},"end":{"line":9,"column":30}},"4":{"start":{"line":10,"column":15},"end":{"line":18,"column":9}},"5":{"start":{"line":11,"column":12},"end":{"line":11,"column":71}},"6":{"start":{"line":11,"column":38},"end":{"line":11,"column":69}},"7":{"start":{"line":12,"column":15},"end":{"line":18,"column":9}},"8":{"start":{"line":13,"column":12},"end":{"line":17,"column":13}},"9":{"start":{"line":14,"column":16},"end":{"line":16,"column":17}},"10":{"start":{"line":15,"column":20},"end":{"line":15,"column":48}},"11":{"start":{"line":21,"column":4},"end":{"line":21,"column":28}}},"fnMap":{"0":{"name":"classNames","decl":{"start":{"line":4,"column":24},"end":{"line":4,"column":34}},"loc":{"start":{"line":4,"column":72},"end":{"line":22,"column":1}},"line":4},"1":{"name":"(anonymous_1)","decl":{"start":{"line":7,"column":17},"end":{"line":7,"column":18}},"loc":{"start":{"line":7,"column":27},"end":{"line":19,"column":5}},"line":7},"2":{"name":"(anonymous_2)","decl":{"start":{"line":11,"column":25},"end":{"line":11,"column":26}},"loc":{"start":{"line":11,"column":38},"end":{"line":11,"column":69}},"line":11}},"branchMap":{"0":{"loc":{"start":{"line":8,"column":8},"end":{"line":18,"column":9}},"type":"if","locations":[{"start":{"line":8,"column":8},"end":{"line":18,"column":9}},{"start":{"line":10,"column":15},"end":{"line":18,"column":9}}],"line":8},"1":{"loc":{"start":{"line":10,"column":15},"end":{"line":18,"column":9}},"type":"if","locations":[{"start":{"line":10,"column":15},"end":{"line":18,"column":9}},{"start":{"line":12,"column":15},"end":{"line":18,"column":9}}],"line":10},"2":{"loc":{"start":{"line":12,"column":15},"end":{"line":18,"column":9}},"type":"if","locations":[{"start":{"line":12,"column":15},"end":{"line":18,"column":9}},{"start":{},"end":{}}],"line":12},"3":{"loc":{"start":{"line":14,"column":16},"end":{"line":16,"column":17}},"type":"if","locations":[{"start":{"line":14,"column":16},"end":{"line":16,"column":17}},{"start":{},"end":{}}],"line":14}},"s":{"0":30,"1":30,"2":67,"3":44,"4":23,"5":1,"6":2,"7":22,"8":6,"9":6,"10":4,"11":30},"f":{"0":30,"1":67,"2":2},"b":{"0":[44,23],"1":[1,22],"2":[6,16],"3":[4,2]},"_coverageSchema":"1a1c01bbd47fc00a2c39e90264f33305004495a9","hash":"c52669c1aee84f5cf55d6158cb2f3f8f369eb5ce"}
,"/Users/aaburkov/Documents/AABurkov/ulibi-course/src/shared/lib/tests/renderWithTranslations/renderWithTranslations.tsx": {"path":"/Users/aaburkov/Documents/AABurkov/ulibi-course/src/shared/lib/tests/renderWithTranslations/renderWithTranslations.tsx","statementMap":{"0":{"start":{"line":7,"column":4},"end":{"line":11,"column":6}}},"fnMap":{"0":{"name":"renderWithTranslations","decl":{"start":{"line":6,"column":16},"end":{"line":6,"column":38}},"loc":{"start":{"line":6,"column":61},"end":{"line":12,"column":1}},"line":6}},"branchMap":{},"s":{"0":2},"f":{"0":2},"b":{},"_coverageSchema":"1a1c01bbd47fc00a2c39e90264f33305004495a9","hash":"b001924fc906b93bac11106ee8cee97646cd2f78"}
,"/Users/aaburkov/Documents/AABurkov/ulibi-course/src/shared/ui/index.ts": {"path":"/Users/aaburkov/Documents/AABurkov/ulibi-course/src/shared/ui/index.ts","statementMap":{},"fnMap":{},"branchMap":{},"s":{},"f":{},"b":{},"_coverageSchema":"1a1c01bbd47fc00a2c39e90264f33305004495a9","hash":"14105f663f65e1338d0b7206162e5d8f499be074"}
,"/Users/aaburkov/Documents/AABurkov/ulibi-course/src/shared/ui/AppButton/AppButton.tsx": {"path":"/Users/aaburkov/Documents/AABurkov/ulibi-course/src/shared/ui/AppButton/AppButton.tsx","statementMap":{"0":{"start":{"line":13,"column":57},"end":{"line":30,"column":1}},"1":{"start":{"line":19,"column":8},"end":{"line":19,"column":13}},"2":{"start":{"line":21,"column":4},"end":{"line":29,"column":6}}},"fnMap":{"0":{"name":"(anonymous_0)","decl":{"start":{"line":13,"column":57},"end":{"line":13,"column":58}},"loc":{"start":{"line":13,"column":68},"end":{"line":30,"column":1}},"line":13}},"branchMap":{"0":{"loc":{"start":{"line":16,"column":8},"end":{"line":16,"column":38}},"type":"default-arg","locations":[{"start":{"line":16,"column":16},"end":{"line":16,"column":38}}],"line":16}},"s":{"0":2,"1":11,"2":11},"f":{"0":11},"b":{"0":[4]},"_coverageSchema":"1a1c01bbd47fc00a2c39e90264f33305004495a9","hash":"90fa2a117a17a3367bb824b1cd16b9bc3dd91650"}
,"/Users/aaburkov/Documents/AABurkov/ulibi-course/src/shared/ui/AppLink/AppLink.tsx": {"path":"/Users/aaburkov/Documents/AABurkov/ulibi-course/src/shared/ui/AppLink/AppLink.tsx","statementMap":{"0":{"start":{"line":16,"column":53},"end":{"line":34,"column":1}},"1":{"start":{"line":23,"column":8},"end":{"line":23,"column":13}},"2":{"start":{"line":25,"column":4},"end":{"line":33,"column":6}}},"fnMap":{"0":{"name":"(anonymous_0)","decl":{"start":{"line":16,"column":53},"end":{"line":16,"column":54}},"loc":{"start":{"line":16,"column":64},"end":{"line":34,"column":1}},"line":16}},"branchMap":{"0":{"loc":{"start":{"line":21,"column":8},"end":{"line":21,"column":36}},"type":"default-arg","locations":[{"start":{"line":21,"column":16},"end":{"line":21,"column":36}}],"line":21}},"s":{"0":1,"1":0,"2":0},"f":{"0":0},"b":{"0":[0]},"_coverageSchema":"1a1c01bbd47fc00a2c39e90264f33305004495a9","hash":"688b205579d449adb3ff9c4d8879bd48cb1174bc"}
,"/Users/aaburkov/Documents/AABurkov/ulibi-course/src/widgets/LangSwitcher/index.ts": {"path":"/Users/aaburkov/Documents/AABurkov/ulibi-course/src/widgets/LangSwitcher/index.ts","statementMap":{},"fnMap":{},"branchMap":{},"s":{},"f":{},"b":{},"_coverageSchema":"1a1c01bbd47fc00a2c39e90264f33305004495a9","hash":"bd34c6e10dfe54984442014580eaf1984afbca30"}
,"/Users/aaburkov/Documents/AABurkov/ulibi-course/src/widgets/LangSwitcher/ui/LangSwitcher.tsx": {"path":"/Users/aaburkov/Documents/AABurkov/ulibi-course/src/widgets/LangSwitcher/ui/LangSwitcher.tsx","statementMap":{"0":{"start":{"line":10,"column":44},"end":{"line":28,"column":1}},"1":{"start":{"line":11,"column":26},"end":{"line":11,"column":31}},"2":{"start":{"line":12,"column":24},"end":{"line":12,"column":40}},"3":{"start":{"line":14,"column":19},"end":{"line":16,"column":5}},"4":{"start":{"line":15,"column":8},"end":{"line":15,"column":66}},"5":{"start":{"line":17,"column":4},"end":{"line":27,"column":6}}},"fnMap":{"0":{"name":"(anonymous_0)","decl":{"start":{"line":10,"column":44},"end":{"line":10,"column":45}},"loc":{"start":{"line":10,"column":55},"end":{"line":28,"column":1}},"line":10},"1":{"name":"(anonymous_1)","decl":{"start":{"line":14,"column":19},"end":{"line":14,"column":20}},"loc":{"start":{"line":14,"column":25},"end":{"line":16,"column":5}},"line":14}},"branchMap":{"0":{"loc":{"start":{"line":15,"column":28},"end":{"line":15,"column":64}},"type":"cond-expr","locations":[{"start":{"line":15,"column":53},"end":{"line":15,"column":57}},{"start":{"line":15,"column":60},"end":{"line":15,"column":64}}],"line":15}},"s":{"0":1,"1":3,"2":3,"3":3,"4":0,"5":3},"f":{"0":3,"1":0},"b":{"0":[0,0]},"_coverageSchema":"1a1c01bbd47fc00a2c39e90264f33305004495a9","hash":"54cb2ac3d5f6b2b99c45ddb7bcdc1c979faeb0f2"}
,"/Users/aaburkov/Documents/AABurkov/ulibi-course/src/widgets/Sidebar/ui/Sidebar/Sidebar.tsx": {"path":"/Users/aaburkov/Documents/AABurkov/ulibi-course/src/widgets/Sidebar/ui/Sidebar/Sidebar.tsx","statementMap":{"0":{"start":{"line":12,"column":52},"end":{"line":45,"column":1}},"1":{"start":{"line":13,"column":26},"end":{"line":13,"column":31}},"2":{"start":{"line":14,"column":38},"end":{"line":14,"column":53}},"3":{"start":{"line":15,"column":18},"end":{"line":15,"column":34}},"4":{"start":{"line":17,"column":28},"end":{"line":19,"column":5}},"5":{"start":{"line":18,"column":8},"end":{"line":18,"column":38}},"6":{"start":{"line":18,"column":31},"end":{"line":18,"column":36}},"7":{"start":{"line":21,"column":4},"end":{"line":44,"column":6}}},"fnMap":{"0":{"name":"(anonymous_0)","decl":{"start":{"line":12,"column":52},"end":{"line":12,"column":53}},"loc":{"start":{"line":12,"column":63},"end":{"line":45,"column":1}},"line":12},"1":{"name":"(anonymous_1)","decl":{"start":{"line":17,"column":28},"end":{"line":17,"column":29}},"loc":{"start":{"line":17,"column":34},"end":{"line":19,"column":5}},"line":17},"2":{"name":"(anonymous_2)","decl":{"start":{"line":18,"column":21},"end":{"line":18,"column":22}},"loc":{"start":{"line":18,"column":31},"end":{"line":18,"column":36}},"line":18}},"branchMap":{},"s":{"0":1,"1":3,"2":3,"3":3,"4":3,"5":1,"6":1,"7":3},"f":{"0":3,"1":1,"2":1},"b":{},"_coverageSchema":"1a1c01bbd47fc00a2c39e90264f33305004495a9","hash":"a920726ea012799d13b6a7426780ce6f1dbc8c99"}
,"/Users/aaburkov/Documents/AABurkov/ulibi-course/src/widgets/ThemeSwitcher/index.ts": {"path":"/Users/aaburkov/Documents/AABurkov/ulibi-course/src/widgets/ThemeSwitcher/index.ts","statementMap":{},"fnMap":{},"branchMap":{},"s":{},"f":{},"b":{},"_coverageSchema":"1a1c01bbd47fc00a2c39e90264f33305004495a9","hash":"54b608f99f8b8e7506538a4c27e11ab068b6c980"}
,"/Users/aaburkov/Documents/AABurkov/ulibi-course/src/widgets/ThemeSwitcher/ui/ThemeSwitcher.tsx": {"path":"/Users/aaburkov/Documents/AABurkov/ulibi-course/src/widgets/ThemeSwitcher/ui/ThemeSwitcher.tsx","statementMap":{"0":{"start":{"line":12,"column":26},"end":{"line":12,"column":31}},"1":{"start":{"line":14,"column":35},"end":{"line":14,"column":45}},"2":{"start":{"line":16,"column":4},"end":{"line":24,"column":6}}},"fnMap":{"0":{"name":"ThemeSwitcher","decl":{"start":{"line":11,"column":9},"end":{"line":11,"column":22}},"loc":{"start":{"line":11,"column":50},"end":{"line":25,"column":1}},"line":11}},"branchMap":{"0":{"loc":{"start":{"line":22,"column":14},"end":{"line":22,"column":65}},"type":"cond-expr","locations":[{"start":{"line":22,"column":37},"end":{"line":22,"column":50}},{"start":{"line":22,"column":53},"end":{"line":22,"column":65}}],"line":22}},"s":{"0":3,"1":3,"2":3},"f":{"0":3},"b":{"0":[0,3]},"_coverageSchema":"1a1c01bbd47fc00a2c39e90264f33305004495a9","hash":"9272885ce0b2045a3c71dea886eaa2fa0554540a"}
}
