TN:
SF:config/jest/jestEmptyComponent.tsx
FN:3,(anonymous_0)
FNF:1
FNH:1
FNDA:3,(anonymous_0)
DA:3,3
LF:1
LH:1
BRF:0
BRH:0
end_of_record
TN:
SF:src/app/providers/ThemeProvider/index.tsx
FNF:0
FNH:0
LF:0
LH:0
BRF:0
BRH:0
end_of_record
TN:
SF:src/app/providers/ThemeProvider/lib/ThemeContext.tsx
FNF:0
FNH:0
DA:13,1
DA:15,1
LF:2
LH:2
BRF:0
BRH:0
end_of_record
TN:
SF:src/app/providers/ThemeProvider/lib/useTheme.tsx
FN:12,useTheme
FN:15,(anonymous_1)
FNF:2
FNH:1
FNDA:3,useTheme
FNDA:0,(anonymous_1)
DA:13,3
DA:15,3
DA:16,0
DA:17,0
DA:18,0
DA:21,3
DA:23,3
LF:7
LH:4
BRDA:16,0,0,0
BRDA:16,0,1,0
BRDA:21,1,0,3
BRDA:21,1,1,3
BRF:4
BRH:2
end_of_record
TN:
SF:src/app/providers/ThemeProvider/ui/ThemeProvider.tsx
FN:11,(anonymous_0)
FN:14,(anonymous_1)
FNF:2
FNH:0
FNDA:0,(anonymous_0)
FNDA:0,(anonymous_1)
DA:9,1
DA:11,1
DA:12,0
DA:14,0
DA:19,0
LF:5
LH:2
BRDA:9,0,0,1
BRDA:9,0,1,1
BRF:2
BRH:2
end_of_record
TN:
SF:src/shared/config/i18n/i18n-jest.ts
FNF:0
FNH:0
DA:4,1
LF:1
LH:1
BRF:0
BRH:0
end_of_record
TN:
SF:src/shared/lib/classNames/index.ts
FN:5,classNames
FN:8,(anonymous_1)
FN:12,(anonymous_2)
FNF:3
FNH:3
FNDA:30,classNames
FNDA:67,(anonymous_1)
FNDA:2,(anonymous_2)
DA:6,30
DA:8,30
DA:9,67
DA:10,44
DA:11,23
DA:12,2
DA:13,22
DA:14,6
DA:15,6
DA:16,4
DA:22,30
LF:11
LH:11
BRDA:9,0,0,44
BRDA:9,0,1,23
BRDA:11,1,0,1
BRDA:11,1,1,22
BRDA:13,2,0,6
BRDA:13,2,1,16
BRDA:15,3,0,4
BRDA:15,3,1,2
BRF:8
BRH:8
end_of_record
TN:
SF:src/shared/lib/tests/renderWithTranslations/renderWithTranslations.tsx
FN:6,renderWithTranslations
FNF:1
FNH:1
FNDA:2,renderWithTranslations
DA:7,2
LF:1
LH:1
BRF:0
BRH:0
end_of_record
TN:
SF:src/shared/ui/index.ts
FNF:0
FNH:0
LF:0
LH:0
BRF:0
BRH:0
end_of_record
TN:
SF:src/shared/ui/AppButton/AppButton.tsx
FN:14,(anonymous_0)
FNF:1
FNH:1
FNDA:11,(anonymous_0)
DA:14,2
DA:20,11
DA:22,11
LF:3
LH:3
BRDA:17,0,0,4
BRF:1
BRH:1
end_of_record
TN:
SF:src/shared/ui/AppLink/AppLink.tsx
FN:16,(anonymous_0)
FNF:1
FNH:0
FNDA:0,(anonymous_0)
DA:16,1
DA:23,0
DA:25,0
LF:3
LH:1
BRDA:21,0,0,0
BRF:1
BRH:0
end_of_record
TN:
SF:src/widgets/LangSwitcher/index.ts
FNF:0
FNH:0
LF:0
LH:0
BRF:0
BRH:0
end_of_record
TN:
SF:src/widgets/LangSwitcher/ui/LangSwitcher.tsx
FN:10,(anonymous_0)
FN:14,(anonymous_1)
FNF:2
FNH:1
FNDA:3,(anonymous_0)
FNDA:0,(anonymous_1)
DA:10,1
DA:11,3
DA:12,3
DA:14,3
DA:15,0
DA:17,3
LF:6
LH:5
BRDA:15,0,0,0
BRDA:15,0,1,0
BRF:2
BRH:0
end_of_record
TN:
SF:src/widgets/Sidebar/ui/Sidebar.tsx
FN:12,(anonymous_0)
FN:17,(anonymous_1)
FN:18,(anonymous_2)
FNF:3
FNH:3
FNDA:3,(anonymous_0)
FNDA:1,(anonymous_1)
FNDA:1,(anonymous_2)
DA:12,1
DA:13,3
DA:14,3
DA:15,3
DA:17,3
DA:18,1
DA:21,3
LF:7
LH:7
BRF:0
BRH:0
end_of_record
TN:
SF:src/widgets/ThemeSwitcher/index.ts
FNF:0
FNH:0
LF:0
LH:0
BRF:0
BRH:0
end_of_record
TN:
SF:src/widgets/ThemeSwitcher/ui/ThemeSwitcher.tsx
FN:11,ThemeSwitcher
FNF:1
FNH:1
FNDA:3,ThemeSwitcher
DA:12,3
DA:14,3
DA:16,3
LF:3
LH:3
BRDA:22,0,0,0
BRDA:22,0,1,3
BRF:2
BRH:1
end_of_record
